2018-03-19 15:19:15,570 test_002.py[line: 21] INFO: ----start----
2018-03-19 15:19:16,095 test_002.py[line: 23] INFO: 调用登录结果：{'message': '验证码缓存已失效', 'success': False}
2018-03-19 15:19:16,095 test_002.py[line: 24] INFO: 获取是否登录成功：False
2018-03-19 15:19:16,096 test_add.py[line: 13] INFO: -----test start add ------
2018-03-19 15:19:16,096 test_add.py[line: 15] INFO: -----test end add---------
2018-03-19 15:19:16,096 test_01.py[line: 20] INFO: ----start----
2018-03-19 15:19:16,414 test_01.py[line: 22] INFO: 调用登录结果：{'message': '验证码缓存已失效', 'success': False}
2018-03-19 15:19:16,414 test_01.py[line: 23] INFO: 获取是否登录成功：False
2018-03-19 16:12:58,563 test_002.py[line: 21] INFO: ----start----
2018-03-19 16:12:59,091 test_002.py[line: 23] INFO: 调用登录结果：{'success': False, 'message': '验证码缓存已失效'}
2018-03-19 16:12:59,091 test_002.py[line: 24] INFO: 获取是否登录成功：False
2018-03-19 16:12:59,091 test_add.py[line: 13] INFO: -----test start add ------
2018-03-19 16:12:59,091 test_add.py[line: 15] INFO: -----test end add---------
2018-03-19 16:12:59,092 test_01.py[line: 20] INFO: ----start----
2018-03-19 16:12:59,411 test_01.py[line: 22] INFO: 调用登录结果：{'success': False, 'message': '验证码缓存已失效'}
2018-03-19 16:12:59,411 test_01.py[line: 23] INFO: 获取是否登录成功：False
2018-03-19 16:13:19,045 test_002.py[line: 21] INFO: ----start----
2018-03-19 16:13:19,550 test_002.py[line: 23] INFO: 调用登录结果：{'message': '验证码缓存已失效', 'success': False}
2018-03-19 16:13:19,550 test_002.py[line: 24] INFO: 获取是否登录成功：False
2018-03-19 16:13:19,551 test_add.py[line: 13] INFO: -----test start add ------
2018-03-19 16:13:19,551 test_add.py[line: 15] INFO: -----test end add---------
2018-03-19 16:13:19,551 test_01.py[line: 20] INFO: ----start----
2018-03-19 16:13:19,914 test_01.py[line: 22] INFO: 调用登录结果：{'message': '验证码缓存已失效', 'success': False}
2018-03-19 16:13:19,914 test_01.py[line: 23] INFO: 获取是否登录成功：False
2018-03-19 16:13:28,115 test_002.py[line: 21] INFO: ----start----
2018-03-19 16:13:28,674 test_002.py[line: 23] INFO: 调用登录结果：{'success': False, 'message': '验证码缓存已失效'}
2018-03-19 16:13:28,674 test_002.py[line: 24] INFO: 获取是否登录成功：False
2018-03-19 16:13:28,675 test_add.py[line: 13] INFO: -----test start add ------
2018-03-19 16:13:28,675 test_add.py[line: 15] INFO: -----test end add---------
2018-03-19 16:13:28,675 test_01.py[line: 20] INFO: ----start----
2018-03-19 16:13:28,990 test_01.py[line: 22] INFO: 调用登录结果：{'success': False, 'message': '验证码缓存已失效'}
2018-03-19 16:13:28,990 test_01.py[line: 23] INFO: 获取是否登录成功：False
